android/app/build/outputs/logs/manifest-merger-debug-report.txt
-- Merging decision tree log ---
manifest
ADDED from src/main/AndroidManifest.xml:1:1-53:12
INJECTED from src/main/AndroidManifest.xml:1:1-53:12
INJECTED from src/main/AndroidManifest.xml:1:1-53:12
INJECTED from src/main/AndroidManifest.xml:1:1-53:12
MERGED from src/main/AndroidManifest.xml:1:1-53:12
MERGED from [:google_maps_flutter] AndroidManifest.xml:2:1-7:12
MERGED from [:flutter_plugin_android_lifecycle] AndroidManifest.xml:2:1-7:12
MERGED from [:startapp] AndroidManifest.xml:2:1-26:12
MERGED from [:geolocator] AndroidManifest.xml:2:1-9:12
MERGED from [:google_api_availability] AndroidManifest.xml:2:1-7:12
MERGED from [:location_permissions] AndroidManifest.xml:2:1-7:12
MERGED from [:admob_flutter] AndroidManifest.xml:2:1-9:12
MERGED from [:location] AndroidManifest.xml:2:1-18:12
MERGED from [androidx.multidex:multidex:2.0.0] AndroidManifest.xml:17:1-22:12
MERGED from [com.startapp:inapp-sdk:4.6.3] AndroidManifest.xml:2:1-51:12
MERGED from [androidx.core:core-ktx:1.3.2] AndroidManifest.xml:2:1-9:12
MERGED from [com.google.android.gms:play-services-maps:17.0.0] AndroidManifest.xml:17:1-38:12
MERGED from [com.google.android.gms:play-services-location:16.0.0] AndroidManifest.xml:2:1-9:12
MERGED from [com.google.firebase:firebase-ads:19.1.0] AndroidManifest.xml:2:1-9:12
MERGED from [com.google.firebase:firebase-analytics:17.2.2] AndroidManifest.xml:2:1-9:12
MERGED from [com.google.android.gms:play-services-measurement-api:17.2.2] AndroidManifest.xml:17:1-36:12
MERGED from [com.google.firebase:firebase-iid:20.0.2] AndroidManifest.xml:17:1-47:12
MERGED from [com.google.firebase:firebase-iid-interop:17.0.0] AndroidManifest.xml:2:1-10:12
MERGED from [com.google.android.gms:play-services-base:17.2.1] AndroidManifest.xml:17:1-29:12
MERGED from [com.google.android.gms:play-services-ads:19.1.0] AndroidManifest.xml:17:1-25:12
MERGED from [com.google.android.gms:play-services-gass:19.1.0] AndroidManifest.xml:2:1-9:12
MERGED from [com.google.firebase:firebase-common:19.3.0] AndroidManifest.xml:15:1-39:12
MERGED from [com.google.android.gms:play-services-tasks:17.0.2] AndroidManifest.xml:2:1-9:12
MERGED from [com.google.android.gms:play-services-places-placereport:16.0.0] AndroidManifest.xml:17:1-24:12
MERGED from [com.google.android.gms:play-services-measurement:17.2.2] AndroidManifest.xml:17:1-55:12
MERGED from [com.google.android.gms:play-services-measurement-sdk:17.2.2] AndroidManifest.xml:17:1-25:12
MERGED from [com.google.android.gms:play-services-measurement-impl:17.2.2] AndroidManifest.xml:17:1-40:12
MERGED from [com.google.android.gms:play-services-ads-identifier:17.0.0] AndroidManifest.xml:17:1-24:12
MERGED from [com.google.android.gms:play-services-ads-lite:19.1.0] AndroidManifest.xml:17:1-42:12
MERGED from [com.google.android.gms:play-services-measurement-sdk-api:17.2.2] AndroidManifest.xml:17:1-27:12
MERGED from [com.google.android.gms:play-services-measurement-base:17.2.2] AndroidManifest.xml:2:1-9:12
MERGED from [com.google.android.gms:play-services-stats:17.0.0] AndroidManifest.xml:2:1-9:12
MERGED from [com.google.firebase:firebase-measurement-connector:18.0.0] AndroidManifest.xml:17:1-25:12
MERGED from [com.google.android.gms:play-services-basement:17.2.1] AndroidManifest.xml:17:1-28:12
MERGED from [androidx.fragment:fragment:1.1.0] AndroidManifest.xml:17:1-24:12
MERGED from [androidx.browser:browser:1.0.0] AndroidManifest.xml:17:1-22:12
MERGED from [androidx.legacy:legacy-support-core-ui:1.0.0] AndroidManifest.xml:17:1-22:12
MERGED from [androidx.viewpager:viewpager:1.0.0] AndroidManifest.xml:17:1-22:12
MERGED from [androidx.legacy:legacy-support-core-utils:1.0.0] AndroidManifest.xml:17:1-22:12
MERGED from [androidx.loader:loader:1.0.0] AndroidManifest.xml:17:1-22:12
MERGED from [androidx.activity:activity:1.0.0] AndroidManifest.xml:17:1-24:12
MERGED from [androidx.coordinatorlayout:coordinatorlayout:1.0.0] AndroidManifest.xml:17:1-22:12
MERGED from [androidx.drawerlayout:drawerlayout:1.0.0] AndroidManifest.xml:17:1-22:12
MERGED from [androidx.slidingpanelayout:slidingpanelayout:1.0.0] AndroidManifest.xml:17:1-22:12
MERGED from [androidx.customview:customview:1.0.0] AndroidManifest.xml:17:1-22:12
MERGED from [androidx.swiperefreshlayout:swiperefreshlayout:1.0.0] AndroidManifest.xml:17:1-22:12
MERGED from [androidx.asynclayoutinflater:asynclayoutinflater:1.0.0] AndroidManifest.xml:17:1-22:12
MERGED from [androidx.core:core:1.6.0] AndroidManifest.xml:17:1-26:12
MERGED from [androidx.lifecycle:lifecycle-runtime:2.2.0] AndroidManifest.xml:17:1-24:12
MERGED from [androidx.savedstate:savedstate:1.0.0] AndroidManifest.xml:17:1-24:12
MERGED from [androidx.lifecycle:lifecycle-livedata:2.0.0] AndroidManifest.xml:17:1-22:12
MERGED from [androidx.lifecycle:lifecycle-livedata-core:2.0.0] AndroidManifest.xml:17:1-22:12
MERGED from [androidx.tracing:tracing:1.0.0] AndroidManifest.xml:17:1-24:12
MERGED from [androidx.versionedparcelable:versionedparcelable:1.1.1] AndroidManifest.xml:17:1-27:12
MERGED from [androidx.arch.core:core-runtime:2.0.0] AndroidManifest.xml:17:1-22:12
MERGED from [androidx.lifecycle:lifecycle-viewmodel:2.1.0] AndroidManifest.xml:17:1-22:12
MERGED from [androidx.interpolator:interpolator:1.0.0] AndroidManifest.xml:17:1-22:12
MERGED from [com.google.firebase:firebase-components:16.0.0] AndroidManifest.xml:15:1-23:12
MERGED from [androidx.cursoradapter:cursoradapter:1.0.0] AndroidManifest.xml:17:1-22:12
MERGED from [androidx.documentfile:documentfile:1.0.0] AndroidManifest.xml:17:1-22:12
MERGED from [androidx.localbroadcastmanager:localbroadcastmanager:1.0.0] AndroidManifest.xml:17:1-22:12
MERGED from [androidx.print:print:1.0.0] AndroidManifest.xml:17:1-22:12
MERGED from [androidx.annotation:annotation-experimental:1.1.0] AndroidManifest.xml:17:1-24:12
MERGED from [com.google.android.gms:play-services-ads-base:19.1.0] AndroidManifest.xml:2:1-9:12
INJECTED from src/debug/AndroidManifest.xml:1:1-7:12
INJECTED from src/debug/AndroidManifest.xml:1:1-7:12
INJECTED from src/debug/AndroidManifest.xml:1:1-7:12
	package
		ADDED from src/main/AndroidManifest.xml:2:5-38
		INJECTED from src/main/AndroidManifest.xml
		INJECTED from src/debug/AndroidManifest.xml
	android:versionName
		INJECTED from src/main/AndroidManifest.xml
		ADDED from src/main/AndroidManifest.xml:1:1-53:12
		INJECTED from src/debug/AndroidManifest.xml
	android:versionCode
		INJECTED from src/main/AndroidManifest.xml
		ADDED from src/main/AndroidManifest.xml:1:1-53:12
		INJECTED from src/debug/AndroidManifest.xml
	xmlns:android
		ADDED from src/main/AndroidManifest.xml:1:11-69
uses-permission#android.permission.ACCESS_FINE_LOCATION
ADDED from src/main/AndroidManifest.xml:3:4-78
MERGED from [:startapp] AndroidManifest.xml:9:5-79
MERGED from [:startapp] AndroidManifest.xml:9:5-79
MERGED from [:geolocator] AndroidManifest.xml:7:5-79
MERGED from [:geolocator] AndroidManifest.xml:7:5-79
MERGED from [:location] AndroidManifest.xml:8:5-79
MERGED from [:location] AndroidManifest.xml:8:5-79
	android:name
		ADDED from src/main/AndroidManifest.xml:3:21-75
uses-permission#android.permission.ACCESS_COARSE_LOCATION
ADDED from src/main/AndroidManifest.xml:4:4-80
MERGED from [:startapp] AndroidManifest.xml:8:5-81
MERGED from [:startapp] AndroidManifest.xml:8:5-81
MERGED from [:location] AndroidManifest.xml:7:5-81
MERGED from [:location] AndroidManifest.xml:7:5-81
	android:name
		ADDED from src/main/AndroidManifest.xml:4:21-77
uses-permission#android.permission.FOREGROUND_SERVICE
ADDED from src/main/AndroidManifest.xml:5:4-76
	android:name
		ADDED from src/main/AndroidManifest.xml:5:21-73
uses-permission#android.permission.ACCESS_BACKGROUND_LOCATION
ADDED from src/main/AndroidManifest.xml:6:4-83
	android:name
		ADDED from src/main/AndroidManifest.xml:6:21-81
application
ADDED from src/main/AndroidManifest.xml:7:4-52:19
MERGED from [:startapp] AndroidManifest.xml:13:5-24:19
MERGED from [:startapp] AndroidManifest.xml:13:5-24:19
MERGED from [:location] AndroidManifest.xml:10:5-16:19
MERGED from [:location] AndroidManifest.xml:10:5-16:19
MERGED from [com.startapp:inapp-sdk:4.6.3] AndroidManifest.xml:17:5-49:19
MERGED from [com.startapp:inapp-sdk:4.6.3] AndroidManifest.xml:17:5-49:19
MERGED from [com.google.android.gms:play-services-maps:17.0.0] AndroidManifest.xml:30:5-36:19
MERGED from [com.google.android.gms:play-services-maps:17.0.0] AndroidManifest.xml:30:5-36:19
MERGED from [com.google.android.gms:play-services-location:16.0.0] AndroidManifest.xml:7:5-20
MERGED from [com.google.android.gms:play-services-location:16.0.0] AndroidManifest.xml:7:5-20
MERGED from [com.google.firebase:firebase-ads:19.1.0] AndroidManifest.xml:7:5-20
MERGED from [com.google.firebase:firebase-ads:19.1.0] AndroidManifest.xml:7:5-20
MERGED from [com.google.firebase:firebase-analytics:17.2.2] AndroidManifest.xml:7:5-20
MERGED from [com.google.firebase:firebase-analytics:17.2.2] AndroidManifest.xml:7:5-20
MERGED from [com.google.android.gms:play-services-measurement-api:17.2.2] AndroidManifest.xml:26:5-34:19
MERGED from [com.google.android.gms:play-services-measurement-api:17.2.2] AndroidManifest.xml:26:5-34:19
MERGED from [com.google.firebase:firebase-iid:20.0.2] AndroidManifest.xml:28:5-45:19
MERGED from [com.google.firebase:firebase-iid:20.0.2] AndroidManifest.xml:28:5-45:19
MERGED from [com.google.firebase:firebase-iid-interop:17.0.0] AndroidManifest.xml:7:5-8:19
MERGED from [com.google.firebase:firebase-iid-interop:17.0.0] AndroidManifest.xml:7:5-8:19
MERGED from [com.google.android.gms:play-services-base:17.2.1] AndroidManifest.xml:22:5-27:19
MERGED from [com.google.android.gms:play-services-base:17.2.1] AndroidManifest.xml:22:5-27:19
MERGED from [com.google.android.gms:play-services-gass:19.1.0] AndroidManifest.xml:7:5-20
MERGED from [com.google.android.gms:play-services-gass:19.1.0] AndroidManifest.xml:7:5-20
MERGED from [com.google.firebase:firebase-common:19.3.0] AndroidManifest.xml:25:5-37:19
MERGED from [com.google.firebase:firebase-common:19.3.0] AndroidManifest.xml:25:5-37:19
MERGED from [com.google.android.gms:play-services-tasks:17.0.2] AndroidManifest.xml:7:5-20
MERGED from [com.google.android.gms:play-services-tasks:17.0.2] AndroidManifest.xml:7:5-20
MERGED from [com.google.android.gms:play-services-places-placereport:16.0.0] AndroidManifest.xml:22:5-20
MERGED from [com.google.android.gms:play-services-places-placereport:16.0.0] AndroidManifest.xml:22:5-20
MERGED from [com.google.android.gms:play-services-measurement:17.2.2] AndroidManifest.xml:28:5-53:19
MERGED from [com.google.android.gms:play-services-measurement:17.2.2] AndroidManifest.xml:28:5-53:19
MERGED from [com.google.android.gms:play-services-measurement-sdk:17.2.2] AndroidManifest.xml:22:5-23:19
MERGED from [com.google.android.gms:play-services-measurement-sdk:17.2.2] AndroidManifest.xml:22:5-23:19
MERGED from [com.google.android.gms:play-services-measurement-impl:17.2.2] AndroidManifest.xml:28:5-38:19
MERGED from [com.google.android.gms:play-services-measurement-impl:17.2.2] AndroidManifest.xml:28:5-38:19
MERGED from [com.google.android.gms:play-services-ads-identifier:17.0.0] AndroidManifest.xml:22:5-20
MERGED from [com.google.android.gms:play-services-ads-identifier:17.0.0] AndroidManifest.xml:22:5-20
MERGED from [com.google.android.gms:play-services-ads-lite:19.1.0] AndroidManifest.xml:26:5-40:19
MERGED from [com.google.android.gms:play-services-ads-lite:19.1.0] AndroidManifest.xml:26:5-40:19
MERGED from [com.google.android.gms:play-services-measurement-base:17.2.2] AndroidManifest.xml:7:5-20
MERGED from [com.google.android.gms:play-services-measurement-base:17.2.2] AndroidManifest.xml:7:5-20
MERGED from [com.google.android.gms:play-services-stats:17.0.0] AndroidManifest.xml:7:5-20
MERGED from [com.google.android.gms:play-services-stats:17.0.0] AndroidManifest.xml:7:5-20
MERGED from [com.google.firebase:firebase-measurement-connector:18.0.0] AndroidManifest.xml:22:5-23:19
MERGED from [com.google.firebase:firebase-measurement-connector:18.0.0] AndroidManifest.xml:22:5-23:19
MERGED from [com.google.android.gms:play-services-basement:17.2.1] AndroidManifest.xml:22:5-26:19
MERGED from [com.google.android.gms:play-services-basement:17.2.1] AndroidManifest.xml:22:5-26:19
MERGED from [androidx.core:core:1.6.0] AndroidManifest.xml:24:5-89
MERGED from [androidx.core:core:1.6.0] AndroidManifest.xml:24:5-89
MERGED from [androidx.versionedparcelable:versionedparcelable:1.1.1] AndroidManifest.xml:24:5-25:19
MERGED from [androidx.versionedparcelable:versionedparcelable:1.1.1] AndroidManifest.xml:24:5-25:19
MERGED from [com.google.android.gms:play-services-ads-base:19.1.0] AndroidManifest.xml:7:5-20
MERGED from [com.google.android.gms:play-services-ads-base:19.1.0] AndroidManifest.xml:7:5-20
	android:appComponentFactory
		ADDED from [androidx.core:core:1.6.0] AndroidManifest.xml:24:18-86
	android:label
		ADDED from src/main/AndroidManifest.xml:8:9-36
	android:icon
		ADDED from src/main/AndroidManifest.xml:9:9-43
activity#com.example.weather_app.MainActivity
ADDED from src/main/AndroidManifest.xml:10:9-38:20
	android:launchMode
		ADDED from src/main/AndroidManifest.xml:12:13-43
	android:hardwareAccelerated
		ADDED from src/main/AndroidManifest.xml:15:13-47
	android:windowSoftInputMode
		ADDED from src/main/AndroidManifest.xml:16:13-55
	android:configChanges
		ADDED from src/main/AndroidManifest.xml:14:13-163
	android:theme
		ADDED from src/main/AndroidManifest.xml:13:13-47
	android:name
		ADDED from src/main/AndroidManifest.xml:11:13-41
meta-data#io.flutter.embedding.android.NormalTheme
ADDED from src/main/AndroidManifest.xml:21:13-24:17
	android:resource
		ADDED from src/main/AndroidManifest.xml:23:15-52
	android:name
		ADDED from src/main/AndroidManifest.xml:22:15-70
meta-data#io.flutter.embedding.android.SplashScreenDrawable
ADDED from src/main/AndroidManifest.xml:30:13-33:17
	android:resource
		ADDED from src/main/AndroidManifest.xml:32:15-61
	android:name
		ADDED from src/main/AndroidManifest.xml:31:15-79
intent-filter#action:name:android.intent.action.MAIN+category:name:android.intent.category.LAUNCHER
ADDED from src/main/AndroidManifest.xml:34:13-37:29
action#android.intent.action.MAIN
ADDED from src/main/AndroidManifest.xml:35:17-68
	android:name
		ADDED from src/main/AndroidManifest.xml:35:25-66
category#android.intent.category.LAUNCHER
ADDED from src/main/AndroidManifest.xml:36:17-76
	android:name
		ADDED from src/main/AndroidManifest.xml:36:27-74
meta-data#flutterEmbedding
ADDED from src/main/AndroidManifest.xml:41:9-43:33
	android:value
		ADDED from src/main/AndroidManifest.xml:43:13-30
	android:name
		ADDED from src/main/AndroidManifest.xml:42:13-44
meta-data#com.startapp.sdk.APPLICATION_ID
ADDED from src/main/AndroidManifest.xml:44:9-46:40
	android:value
		ADDED from src/main/AndroidManifest.xml:46:13-38
	android:name
		ADDED from src/main/AndroidManifest.xml:45:13-59
meta-data#com.google.android.geo.API_KEY
ADDED from src/main/AndroidManifest.xml:50:9-51:56
	android:value
		ADDED from src/main/AndroidManifest.xml:51:16-54
	android:name
		ADDED from src/main/AndroidManifest.xml:50:20-65
uses-sdk
INJECTED from src/main/AndroidManifest.xml reason: use-sdk injection requested
INJECTED from src/main/AndroidManifest.xml
INJECTED from src/main/AndroidManifest.xml
MERGED from [:google_maps_flutter] AndroidManifest.xml:5:5-44
MERGED from [:google_maps_flutter] AndroidManifest.xml:5:5-44
MERGED from [:flutter_plugin_android_lifecycle] AndroidManifest.xml:5:5-44
MERGED from [:flutter_plugin_android_lifecycle] AndroidManifest.xml:5:5-44
MERGED from [:startapp] AndroidManifest.xml:6:5-44
MERGED from [:startapp] AndroidManifest.xml:6:5-44
MERGED from [:geolocator] AndroidManifest.xml:5:5-44
MERGED from [:geolocator] AndroidManifest.xml:5:5-44
MERGED from [:google_api_availability] AndroidManifest.xml:5:5-44
MERGED from [:google_api_availability] AndroidManifest.xml:5:5-44
MERGED from [:location_permissions] AndroidManifest.xml:5:5-44
MERGED from [:location_permissions] AndroidManifest.xml:5:5-44
MERGED from [:admob_flutter] AndroidManifest.xml:5:5-44
MERGED from [:admob_flutter] AndroidManifest.xml:5:5-44
MERGED from [:location] AndroidManifest.xml:5:5-44
MERGED from [:location] AndroidManifest.xml:5:5-44
MERGED from [androidx.multidex:multidex:2.0.0] AndroidManifest.xml:20:5-43
MERGED from [androidx.multidex:multidex:2.0.0] AndroidManifest.xml:20:5-43
MERGED from [com.startapp:inapp-sdk:4.6.3] AndroidManifest.xml:7:5-9:41
MERGED from [com.startapp:inapp-sdk:4.6.3] AndroidManifest.xml:7:5-9:41
MERGED from [androidx.core:core-ktx:1.3.2] AndroidManifest.xml:5:5-7:41
MERGED from [androidx.core:core-ktx:1.3.2] AndroidManifest.xml:5:5-7:41
MERGED from [com.google.android.gms:play-services-maps:17.0.0] AndroidManifest.xml:20:5-44
MERGED from [com.google.android.gms:play-services-maps:17.0.0] AndroidManifest.xml:20:5-44
MERGED from [com.google.android.gms:play-services-location:16.0.0] AndroidManifest.xml:5:5-44
MERGED from [com.google.android.gms:play-services-location:16.0.0] AndroidManifest.xml:5:5-44
MERGED from [com.google.firebase:firebase-ads:19.1.0] AndroidManifest.xml:5:5-44
MERGED from [com.google.firebase:firebase-ads:19.1.0] AndroidManifest.xml:5:5-44
MERGED from [com.google.firebase:firebase-analytics:17.2.2] AndroidManifest.xml:5:5-44
MERGED from [com.google.firebase:firebase-analytics:17.2.2] AndroidManifest.xml:5:5-44
MERGED from [com.google.android.gms:play-services-measurement-api:17.2.2] AndroidManifest.xml:20:5-44
MERGED from [com.google.android.gms:play-services-measurement-api:17.2.2] AndroidManifest.xml:20:5-44
MERGED from [com.google.firebase:firebase-iid:20.0.2] AndroidManifest.xml:20:5-44
MERGED from [com.google.firebase:firebase-iid:20.0.2] AndroidManifest.xml:20:5-44
MERGED from [com.google.firebase:firebase-iid-interop:17.0.0] AndroidManifest.xml:5:5-44
MERGED from [com.google.firebase:firebase-iid-interop:17.0.0] AndroidManifest.xml:5:5-44
MERGED from [com.google.android.gms:play-services-base:17.2.1] AndroidManifest.xml:20:5-44
MERGED from [com.google.android.gms:play-services-base:17.2.1] AndroidManifest.xml:20:5-44
MERGED from [com.google.android.gms:play-services-ads:19.1.0] AndroidManifest.xml:21:5-23:52
MERGED from [com.google.android.gms:play-services-ads:19.1.0] AndroidManifest.xml:21:5-23:52
MERGED from [com.google.android.gms:play-services-gass:19.1.0] AndroidManifest.xml:5:5-44
MERGED from [com.google.android.gms:play-services-gass:19.1.0] AndroidManifest.xml:5:5-44
MERGED from [com.google.firebase:firebase-common:19.3.0] AndroidManifest.xml:20:5-22:41
MERGED from [com.google.firebase:firebase-common:19.3.0] AndroidManifest.xml:20:5-22:41
MERGED from [com.google.android.gms:play-services-tasks:17.0.2] AndroidManifest.xml:5:5-44
MERGED from [com.google.android.gms:play-services-tasks:17.0.2] AndroidManifest.xml:5:5-44
MERGED from [com.google.android.gms:play-services-places-placereport:16.0.0] AndroidManifest.xml:20:5-44
MERGED from [com.google.android.gms:play-services-places-placereport:16.0.0] AndroidManifest.xml:20:5-44
MERGED from [com.google.android.gms:play-services-measurement:17.2.2] AndroidManifest.xml:20:5-44
MERGED from [com.google.android.gms:play-services-measurement:17.2.2] AndroidManifest.xml:20:5-44
MERGED from [com.google.android.gms:play-services-measurement-sdk:17.2.2] AndroidManifest.xml:20:5-44
MERGED from [com.google.android.gms:play-services-measurement-sdk:17.2.2] AndroidManifest.xml:20:5-44
MERGED from [com.google.android.gms:play-services-measurement-impl:17.2.2] AndroidManifest.xml:20:5-44
MERGED from [com.google.android.gms:play-services-measurement-impl:17.2.2] AndroidManifest.xml:20:5-44
MERGED from [com.google.android.gms:play-services-ads-identifier:17.0.0] AndroidManifest.xml:20:5-44
MERGED from [com.google.android.gms:play-services-ads-identifier:17.0.0] AndroidManifest.xml:20:5-44
MERGED from [com.google.android.gms:play-services-ads-lite:19.1.0] AndroidManifest.xml:20:5-44
MERGED from [com.google.android.gms:play-services-ads-lite:19.1.0] AndroidManifest.xml:20:5-44
MERGED from [com.google.android.gms:play-services-measurement-sdk-api:17.2.2] AndroidManifest.xml:20:5-44
MERGED from [com.google.android.gms:play-services-measurement-sdk-api:17.2.2] AndroidManifest.xml:20:5-44
MERGED from [com.google.android.gms:play-services-measurement-base:17.2.2] AndroidManifest.xml:5:5-44
MERGED from [com.google.android.gms:play-services-measurement-base:17.2.2] AndroidManifest.xml:5:5-44
MERGED from [com.google.android.gms:play-services-stats:17.0.0] AndroidManifest.xml:5:5-44
MERGED from [com.google.android.gms:play-services-stats:17.0.0] AndroidManifest.xml:5:5-44
MERGED from [com.google.firebase:firebase-measurement-connector:18.0.0] AndroidManifest.xml:20:5-44
MERGED from [com.google.firebase:firebase-measurement-connector:18.0.0] AndroidManifest.xml:20:5-44
MERGED from [com.google.android.gms:play-services-basement:17.2.1] AndroidManifest.xml:20:5-44
MERGED from [com.google.android.gms:play-services-basement:17.2.1] AndroidManifest.xml:20:5-44
MERGED from [androidx.fragment:fragment:1.1.0] AndroidManifest.xml:20:5-22:41
MERGED from [androidx.fragment:fragment:1.1.0] AndroidManifest.xml:20:5-22:41
MERGED from [androidx.browser:browser:1.0.0] AndroidManifest.xml:20:5-44
MERGED from [androidx.browser:browser:1.0.0] AndroidManifest.xml:20:5-44
MERGED from [androidx.legacy:legacy-support-core-ui:1.0.0] AndroidManifest.xml:20:5-44
MERGED from [androidx.legacy:legacy-support-core-ui:1.0.0] AndroidManifest.xml:20:5-44
MERGED from [androidx.viewpager:viewpager:1.0.0] AndroidManifest.xml:20:5-44
MERGED from [androidx.viewpager:viewpager:1.0.0] AndroidManifest.xml:20:5-44
MERGED from [androidx.legacy:legacy-support-core-utils:1.0.0] AndroidManifest.xml:20:5-44
MERGED from [androidx.legacy:legacy-support-core-utils:1.0.0] AndroidManifest.xml:20:5-44
MERGED from [androidx.loader:loader:1.0.0] AndroidManifest.xml:20:5-44
MERGED from [androidx.loader:loader:1.0.0] AndroidManifest.xml:20:5-44
MERGED from [androidx.activity:activity:1.0.0] AndroidManifest.xml:20:5-22:41
MERGED from [androidx.activity:activity:1.0.0] AndroidManifest.xml:20:5-22:41
MERGED from [androidx.coordinatorlayout:coordinatorlayout:1.0.0] AndroidManifest.xml:20:5-44
MERGED from [androidx.coordinatorlayout:coordinatorlayout:1.0.0] AndroidManifest.xml:20:5-44
MERGED from [androidx.drawerlayout:drawerlayout:1.0.0] AndroidManifest.xml:20:5-44
MERGED from [androidx.drawerlayout:drawerlayout:1.0.0] AndroidManifest.xml:20:5-44
MERGED from [androidx.slidingpanelayout:slidingpanelayout:1.0.0] AndroidManifest.xml:20:5-44
MERGED from [androidx.slidingpanelayout:slidingpanelayout:1.0.0] AndroidManifest.xml:20:5-44
MERGED from [androidx.customview:customview:1.0.0] AndroidManifest.xml:20:5-44
MERGED from [androidx.customview:customview:1.0.0] AndroidManifest.xml:20:5-44
MERGED from [androidx.swiperefreshlayout:swiperefreshlayout:1.0.0] AndroidManifest.xml:20:5-44
MERGED from [androidx.swiperefreshlayout:swiperefreshlayout:1.0.0] AndroidManifest.xml:20:5-44
MERGED from [androidx.asynclayoutinflater:asynclayoutinflater:1.0.0] AndroidManifest.xml:20:5-44
MERGED from [androidx.asynclayoutinflater:asynclayoutinflater:1.0.0] AndroidManifest.xml:20:5-44
MERGED from [androidx.core:core:1.6.0] AndroidManifest.xml:20:5-22:41
MERGED from [androidx.core:core:1.6.0] AndroidManifest.xml:20:5-22:41
MERGED from [androidx.lifecycle:lifecycle-runtime:2.2.0] AndroidManifest.xml:20:5-22:41
MERGED from [androidx.lifecycle:lifecycle-runtime:2.2.0] AndroidManifest.xml:20:5-22:41
MERGED from [androidx.savedstate:savedstate:1.0.0] AndroidManifest.xml:20:5-22:41
MERGED from [androidx.savedstate:savedstate:1.0.0] AndroidManifest.xml:20:5-22:41
MERGED from [androidx.lifecycle:lifecycle-livedata:2.0.0] AndroidManifest.xml:20:5-44
MERGED from [androidx.lifecycle:lifecycle-livedata:2.0.0] AndroidManifest.xml:20:5-44
MERGED from [androidx.lifecycle:lifecycle-livedata-core:2.0.0] AndroidManifest.xml:20:5-44
MERGED from [androidx.lifecycle:lifecycle-livedata-core:2.0.0] AndroidManifest.xml:20:5-44
MERGED from [androidx.tracing:tracing:1.0.0] AndroidManifest.xml:20:5-22:41
MERGED from [androidx.tracing:tracing:1.0.0] AndroidManifest.xml:20:5-22:41
MERGED from [androidx.versionedparcelable:versionedparcelable:1.1.1] AndroidManifest.xml:20:5-22:41
MERGED from [androidx.versionedparcelable:versionedparcelable:1.1.1] AndroidManifest.xml:20:5-22:41
MERGED from [androidx.arch.core:core-runtime:2.0.0] AndroidManifest.xml:20:5-44
MERGED from [androidx.arch.core:core-runtime:2.0.0] AndroidManifest.xml:20:5-44
MERGED from [androidx.lifecycle:lifecycle-viewmodel:2.1.0] AndroidManifest.xml:20:5-44
MERGED from [androidx.lifecycle:lifecycle-viewmodel:2.1.0] AndroidManifest.xml:20:5-44
MERGED from [androidx.interpolator:interpolator:1.0.0] AndroidManifest.xml:20:5-44
MERGED from [androidx.interpolator:interpolator:1.0.0] AndroidManifest.xml:20:5-44
MERGED from [com.google.firebase:firebase-components:16.0.0] AndroidManifest.xml:19:5-21:41
MERGED from [com.google.firebase:firebase-components:16.0.0] AndroidManifest.xml:19:5-21:41
MERGED from [androidx.cursoradapter:cursoradapter:1.0.0] AndroidManifest.xml:20:5-44
MERGED from [androidx.cursoradapter:cursoradapter:1.0.0] AndroidManifest.xml:20:5-44
MERGED from [androidx.documentfile:documentfile:1.0.0] AndroidManifest.xml:20:5-44
MERGED from [androidx.documentfile:documentfile:1.0.0] AndroidManifest.xml:20:5-44
MERGED from [androidx.localbroadcastmanager:localbroadcastmanager:1.0.0] AndroidManifest.xml:20:5-44
MERGED from [androidx.localbroadcastmanager:localbroadcastmanager:1.0.0] AndroidManifest.xml:20:5-44
MERGED from [androidx.print:print:1.0.0] AndroidManifest.xml:20:5-44
MERGED from [androidx.print:print:1.0.0] AndroidManifest.xml:20:5-44
MERGED from [androidx.annotation:annotation-experimental:1.1.0] AndroidManifest.xml:20:5-22:41
MERGED from [androidx.annotation:annotation-experimental:1.1.0] AndroidManifest.xml:20:5-22:41
MERGED from [com.google.android.gms:play-services-ads-base:19.1.0] AndroidManifest.xml:5:5-44
MERGED from [com.google.android.gms:play-services-ads-base:19.1.0] AndroidManifest.xml:5:5-44
INJECTED from src/debug/AndroidManifest.xml
INJECTED from src/debug/AndroidManifest.xml
	tools:overrideLibrary
		ADDED from [com.google.android.gms:play-services-ads:19.1.0] AndroidManifest.xml:23:9-49
	android:targetSdkVersion
		INJECTED from src/main/AndroidManifest.xml
		INJECTED from src/debug/AndroidManifest.xml
	android:minSdkVersion
		INJECTED from src/main/AndroidManifest.xml
		INJECTED from src/debug/AndroidManifest.xml
uses-permission#android.permission.INTERNET
ADDED from src/debug/AndroidManifest.xml:6:5-66
MERGED from [:admob_flutter] AndroidManifest.xml:7:5-67
MERGED from [:admob_flutter] AndroidManifest.xml:7:5-67
MERGED from [com.startapp:inapp-sdk:4.6.3] AndroidManifest.xml:11:5-67
MERGED from [com.startapp:inapp-sdk:4.6.3] AndroidManifest.xml:11:5-67
MERGED from [com.google.android.gms:play-services-maps:17.0.0] AndroidManifest.xml:24:5-67
MERGED from [com.google.android.gms:play-services-maps:17.0.0] AndroidManifest.xml:24:5-67
MERGED from [com.google.android.gms:play-services-measurement-api:17.2.2] AndroidManifest.xml:22:5-67
MERGED from [com.google.android.gms:play-services-measurement-api:17.2.2] AndroidManifest.xml:22:5-67
MERGED from [com.google.firebase:firebase-iid:20.0.2] AndroidManifest.xml:23:5-67
MERGED from [com.google.firebase:firebase-iid:20.0.2] AndroidManifest.xml:23:5-67
MERGED from [com.google.android.gms:play-services-measurement:17.2.2] AndroidManifest.xml:23:5-67
MERGED from [com.google.android.gms:play-services-measurement:17.2.2] AndroidManifest.xml:23:5-67
MERGED from [com.google.android.gms:play-services-measurement-impl:17.2.2] AndroidManifest.xml:23:5-67
MERGED from [com.google.android.gms:play-services-measurement-impl:17.2.2] AndroidManifest.xml:23:5-67
MERGED from [com.google.android.gms:play-services-ads-lite:19.1.0] AndroidManifest.xml:23:5-67
MERGED from [com.google.android.gms:play-services-ads-lite:19.1.0] AndroidManifest.xml:23:5-67
MERGED from [com.google.android.gms:play-services-measurement-sdk-api:17.2.2] AndroidManifest.xml:23:5-67
MERGED from [com.google.android.gms:play-services-measurement-sdk-api:17.2.2] AndroidManifest.xml:23:5-67
	android:name
		ADDED from src/debug/AndroidManifest.xml:6:22-64
uses-permission#android.permission.RECEIVE_BOOT_COMPLETED
ADDED from [:startapp] AndroidManifest.xml:10:5-81
MERGED from [com.startapp:inapp-sdk:4.6.3] AndroidManifest.xml:14:5-81
MERGED from [com.startapp:inapp-sdk:4.6.3] AndroidManifest.xml:14:5-81
	android:name
		ADDED from [:startapp] AndroidManifest.xml:10:22-78
uses-permission#android.permission.BLUETOOTH
ADDED from [:startapp] AndroidManifest.xml:11:5-68
	android:name
		ADDED from [:startapp] AndroidManifest.xml:11:22-65
provider#com.startapp.android.publish.adsCommon.StartAppInitProvider
ADDED from [:startapp] AndroidManifest.xml:14:9-17:35
	tools:node
		ADDED from [:startapp] AndroidManifest.xml:17:13-32
	android:authorities
		ADDED from [:startapp] AndroidManifest.xml:16:13-72
	android:name
		ADDED from [:startapp] AndroidManifest.xml:15:13-87
activity#com.startapp.android.publish.adsCommon.activities.FullScreenActivity
ADDED from [:startapp] AndroidManifest.xml:19:9-23:53
	android:configChanges
		ADDED from [:startapp] AndroidManifest.xml:21:13-74
	android:theme
		ADDED from [:startapp] AndroidManifest.xml:22:13-49
	tools:replace
		ADDED from [:startapp] AndroidManifest.xml:23:13-50
	android:name
		ADDED from [:startapp] AndroidManifest.xml:20:13-96
service#com.lyokone.location.FlutterLocationService
ADDED from [:location] AndroidManifest.xml:11:9-15:56
	android:enabled
		ADDED from [:location] AndroidManifest.xml:13:13-35
	android:exported
		ADDED from [:location] AndroidManifest.xml:14:13-37
	android:foregroundServiceType
		ADDED from [:location] AndroidManifest.xml:15:13-53
	android:name
		ADDED from [:location] AndroidManifest.xml:12:13-71